<?xml version="1.0" encoding="UTF-8"?>
<!-- Generated by org.testng.reporters.JUnitReportReporter -->
<testsuite skipped="0" hostname="LAPTOP-9HMT4ICM" name="com.seleniumMantis.tests.TarefasTests" tests="15" failures="0" timestamp="24 Aug 2020 19:58:23 GMT" time="239.515" errors="0">
  <testcase name="adicionaRelacaoFilhoSucesso" time="16.196" classname="com.seleniumMantis.tests.TarefasTests"/>
  <testcase name="verificaFiltroTarefa" time="15.361" classname="com.seleniumMantis.tests.TarefasTests"/>
  <testcase name="adicionaRelacaoDuplicadaSucesso" time="16.099" classname="com.seleniumMantis.tests.TarefasTests"/>
  <testcase name="tentaResolverTarefaSucesso" time="16.126" classname="com.seleniumMantis.tests.TarefasTests"/>
  <testcase name="adicionaRelacaoInvalida" time="15.684" classname="com.seleniumMantis.tests.TarefasTests"/>
  <testcase name="adicionaRelacaoPaiSucesso" time="15.317" classname="com.seleniumMantis.tests.TarefasTests"/>
  <testcase name="tentaResolverTarefaComStatusNovo" time="16.190" classname="com.seleniumMantis.tests.TarefasTests"/>
  <testcase name="adicionaMarcadorTarefa" time="15.289" classname="com.seleniumMantis.tests.TarefasTests"/>
  <testcase name="adicionaRelacaoPossuiDuplicidadeSucesso" time="16.037" classname="com.seleniumMantis.tests.TarefasTests"/>
  <testcase name="criaTarefaSucesso" time="16.399" classname="com.seleniumMantis.tests.TarefasTests"/>
  <testcase name="verificaTarefaCriadaEmMinhaVisao" time="14.877" classname="com.seleniumMantis.tests.TarefasTests"/>
  <testcase name="adicionaRelacaoSucesso" time="16.388" classname="com.seleniumMantis.tests.TarefasTests"/>
  <testcase name="removeMarcadorTarefa" time="16.344" classname="com.seleniumMantis.tests.TarefasTests"/>
  <testcase name="alteraPrioridadeTarefa" time="16.098" classname="com.seleniumMantis.tests.TarefasTests"/>
  <testcase name="atribuiTarefaUsuario" time="17.110" classname="com.seleniumMantis.tests.TarefasTests"/>
</testsuite> <!-- com.seleniumMantis.tests.TarefasTests -->
