<?xml version="1.0" encoding="UTF-8"?>
<!-- Generated by org.testng.reporters.JUnitReportReporter -->
<testsuite skipped="0" hostname="LAPTOP-9HMT4ICM" name="com.seleniumMantis.tests.TarefasTests" tests="15" failures="0" timestamp="22 Sep 2020 20:17:10 GMT" time="298.425" errors="0">
  <testcase name="adicionaRelacaoSucesso" time="20.230" classname="com.seleniumMantis.tests.TarefasTests"/>
  <testcase name="atribuiTarefaUsuario" time="19.995" classname="com.seleniumMantis.tests.TarefasTests"/>
  <testcase name="verificaTarefaCriadaEmMinhaVisao" time="18.586" classname="com.seleniumMantis.tests.TarefasTests"/>
  <testcase name="adicionaRelacaoPossuiDuplicidadeSucesso" time="19.924" classname="com.seleniumMantis.tests.TarefasTests"/>
  <testcase name="tentaResolverTarefaComStatusNovo" time="18.775" classname="com.seleniumMantis.tests.TarefasTests"/>
  <testcase name="adicionaMarcadorTarefa" time="19.159" classname="com.seleniumMantis.tests.TarefasTests"/>
  <testcase name="adicionaRelacaoInvalida" time="19.339" classname="com.seleniumMantis.tests.TarefasTests"/>
  <testcase name="verificaFiltroTarefa" time="21.056" classname="com.seleniumMantis.tests.TarefasTests"/>
  <testcase name="tentaResolverTarefaSucesso" time="20.476" classname="com.seleniumMantis.tests.TarefasTests"/>
  <testcase name="adicionaRelacaoDuplicadaSucesso" time="19.353" classname="com.seleniumMantis.tests.TarefasTests"/>
  <testcase name="adicionaRelacaoPaiSucesso" time="19.272" classname="com.seleniumMantis.tests.TarefasTests"/>
  <testcase name="alteraPrioridadeTarefa" time="22.026" classname="com.seleniumMantis.tests.TarefasTests"/>
  <testcase name="criaTarefaSucesso" time="19.213" classname="com.seleniumMantis.tests.TarefasTests"/>
  <testcase name="removeMarcadorTarefa" time="20.787" classname="com.seleniumMantis.tests.TarefasTests"/>
  <testcase name="adicionaRelacaoFilhoSucesso" time="20.234" classname="com.seleniumMantis.tests.TarefasTests"/>
</testsuite> <!-- com.seleniumMantis.tests.TarefasTests -->
