<?xml version="1.0" encoding="UTF-8"?>
<!-- Generated by org.testng.reporters.JUnitReportReporter -->
<testsuite skipped="0" hostname="LAPTOP-9HMT4ICM" name="com.seleniumMantis.tests.LoginTests" tests="7" failures="0" timestamp="22 Sep 2020 20:17:10 GMT" time="82.507" errors="0">
  <testcase name="loginUsuarioDesativado" time="9.049" classname="com.seleniumMantis.tests.LoginTests"/>
  <testcase name="loginUtilizandoDataDriven" time="10.016" classname="com.seleniumMantis.tests.LoginTests"/>
  <testcase name="loginUtilizandoJavaScritp" time="9.658" classname="com.seleniumMantis.tests.LoginTests"/>
  <testcase name="loginSenhaIncorreta" time="24.172" classname="com.seleniumMantis.tests.LoginTests"/>
  <testcase name="loginSucesso" time="10.376" classname="com.seleniumMantis.tests.LoginTests"/>
  <testcase name="loginUtilizandoDataDriven" time="9.884" classname="com.seleniumMantis.tests.LoginTests"/>
  <testcase name="loginUsuarioSenhaIncorretos" time="9.352" classname="com.seleniumMantis.tests.LoginTests"/>
</testsuite> <!-- com.seleniumMantis.tests.LoginTests -->
