<?xml version="1.0" encoding="UTF-8"?>
<!-- Generated by org.testng.reporters.JUnitReportReporter -->
<testsuite skipped="0" hostname="LAPTOP-9HMT4ICM" name="com.seleniumMantis.tests.LoginTests" tests="7" failures="0" timestamp="24 Aug 2020 19:58:23 GMT" time="60.813" errors="0">
  <testcase name="loginUtilizandoDataDriven" time="8.637" classname="com.seleniumMantis.tests.LoginTests"/>
  <testcase name="loginUtilizandoDataDriven" time="9.240" classname="com.seleniumMantis.tests.LoginTests"/>
  <testcase name="loginUtilizandoJavaScritp" time="9.471" classname="com.seleniumMantis.tests.LoginTests"/>
  <testcase name="loginSucesso" time="8.889" classname="com.seleniumMantis.tests.LoginTests"/>
  <testcase name="loginSenhaIncorreta" time="8.030" classname="com.seleniumMantis.tests.LoginTests"/>
  <testcase name="loginUsuarioSenhaIncorretos" time="8.189" classname="com.seleniumMantis.tests.LoginTests"/>
  <testcase name="loginUsuarioDesativado" time="8.357" classname="com.seleniumMantis.tests.LoginTests"/>
</testsuite> <!-- com.seleniumMantis.tests.LoginTests -->
