<?xml version="1.0" encoding="UTF-8"?>
<!-- Generated by org.testng.reporters.JUnitReportReporter -->
<testsuite skipped="0" hostname="LAPTOP-9HMT4ICM" name="com.seleniumMantis.tests.GerenciarTests" tests="27" failures="0" timestamp="24 Aug 2020 19:58:23 GMT" time="442.749" errors="0">
  <testcase name="alteraNomeRealUsuario" time="11.994" classname="com.seleniumMantis.tests.GerenciarTests"/>
  <testcase name="editarDescricaoMarcador" time="11.779" classname="com.seleniumMantis.tests.GerenciarTests"/>
  <testcase name="editarStadoParaRelease" time="12.787" classname="com.seleniumMantis.tests.GerenciarTests"/>
  <testcase name="criarNovoMarcador" time="11.449" classname="com.seleniumMantis.tests.GerenciarTests"/>
  <testcase name="desabilitarProjeto" time="13.066" classname="com.seleniumMantis.tests.GerenciarTests"/>
  <testcase name="verificaTrocaPerfilAdministrador" time="13.507" classname="com.seleniumMantis.tests.GerenciarTests"/>
  <testcase name="vincularSubProjeto" time="11.362" classname="com.seleniumMantis.tests.GerenciarTests"/>
  <testcase name="inativaUsuario" time="11.322" classname="com.seleniumMantis.tests.GerenciarTests"/>
  <testcase name="cadastrarNomeMarcadorJaExistente" time="11.270" classname="com.seleniumMantis.tests.GerenciarTests"/>
  <testcase name="verificaTrocaPerfilGerente" time="13.463" classname="com.seleniumMantis.tests.GerenciarTests"/>
  <testcase name="verificaTrocaPerfilRelator" time="12.012" classname="com.seleniumMantis.tests.GerenciarTests"/>
  <testcase name="editarStadoParaEstavel" time="11.116" classname="com.seleniumMantis.tests.GerenciarTests"/>
  <testcase name="verificaTrocaPerfilDesenvolvedor" time="12.096" classname="com.seleniumMantis.tests.GerenciarTests"/>
  <testcase name="verificaTrocaPerfilVisualizador" time="11.079" classname="com.seleniumMantis.tests.GerenciarTests"/>
  <testcase name="editarNomeMarcador" time="10.990" classname="com.seleniumMantis.tests.GerenciarTests"/>
  <testcase name="alteraNomeUsuario" time="12.488" classname="com.seleniumMantis.tests.GerenciarTests"/>
  <testcase name="cadastrarProjetoNomeJaExistente" time="12.129" classname="com.seleniumMantis.tests.GerenciarTests"/>
  <testcase name="alterarVisibilidadePublico" time="10.960" classname="com.seleniumMantis.tests.GerenciarTests"/>
  <testcase name="alterarVisibilidadePrivado" time="11.221" classname="com.seleniumMantis.tests.GerenciarTests"/>
  <testcase name="criaUsuarioNomeJaCadastrado" time="11.575" classname="com.seleniumMantis.tests.GerenciarTests"/>
  <testcase name="verificaAlteracaoEmailUsuario" time="12.632" classname="com.seleniumMantis.tests.GerenciarTests"/>
  <testcase name="verificaTrocaPerfilAtualizador" time="12.720" classname="com.seleniumMantis.tests.GerenciarTests"/>
  <testcase name="criarNovoProjeto" time="12.894" classname="com.seleniumMantis.tests.GerenciarTests"/>
  <testcase name="apagaUsuario" time="12.378" classname="com.seleniumMantis.tests.GerenciarTests"/>
  <testcase name="criaUsuarioEmailJaCadastrado" time="11.764" classname="com.seleniumMantis.tests.GerenciarTests"/>
  <testcase name="editarStadoParaObsoleto" time="11.419" classname="com.seleniumMantis.tests.GerenciarTests"/>
  <testcase name="criaNovoUsuario" time="131.277" classname="com.seleniumMantis.tests.GerenciarTests"/>
</testsuite> <!-- com.seleniumMantis.tests.GerenciarTests -->
