<?xml version="1.0" encoding="UTF-8"?>
<!-- Generated by org.testng.reporters.JUnitReportReporter -->
<testsuite skipped="0" hostname="LAPTOP-9HMT4ICM" name="com.seleniumMantis.tests.ProjetoTests" tests="2" failures="0" timestamp="22 Sep 2020 20:17:10 GMT" time="23.631" errors="0">
  <testcase name="verificaSelecaoProjetoExistente" time="12.686" classname="com.seleniumMantis.tests.ProjetoTests"/>
  <testcase name="verificaProjetoExistente" time="10.945" classname="com.seleniumMantis.tests.ProjetoTests"/>
</testsuite> <!-- com.seleniumMantis.tests.ProjetoTests -->
