<?xml version="1.0" encoding="UTF-8"?>
<!-- Generated by org.testng.reporters.JUnitReportReporter -->
<testsuite skipped="0" hostname="LAPTOP-9HMT4ICM" name="com.seleniumMantis.tests.GerenciarTests" tests="27" failures="0" timestamp="22 Sep 2020 20:17:10 GMT" time="564.981" errors="0">
  <testcase name="apagaUsuario" time="16.347" classname="com.seleniumMantis.tests.GerenciarTests"/>
  <testcase name="alterarVisibilidadePrivado" time="15.709" classname="com.seleniumMantis.tests.GerenciarTests"/>
  <testcase name="verificaAlteracaoEmailUsuario" time="17.627" classname="com.seleniumMantis.tests.GerenciarTests"/>
  <testcase name="verificaTrocaPerfilVisualizador" time="16.185" classname="com.seleniumMantis.tests.GerenciarTests"/>
  <testcase name="verificaTrocaPerfilAdministrador" time="19.616" classname="com.seleniumMantis.tests.GerenciarTests"/>
  <testcase name="alterarVisibilidadePublico" time="17.430" classname="com.seleniumMantis.tests.GerenciarTests"/>
  <testcase name="desabilitarProjeto" time="14.056" classname="com.seleniumMantis.tests.GerenciarTests"/>
  <testcase name="criarNovoProjeto" time="18.039" classname="com.seleniumMantis.tests.GerenciarTests"/>
  <testcase name="criaUsuarioEmailJaCadastrado" time="15.875" classname="com.seleniumMantis.tests.GerenciarTests"/>
  <testcase name="inativaUsuario" time="17.495" classname="com.seleniumMantis.tests.GerenciarTests"/>
  <testcase name="editarDescricaoMarcador" time="14.877" classname="com.seleniumMantis.tests.GerenciarTests"/>
  <testcase name="alteraNomeUsuario" time="18.849" classname="com.seleniumMantis.tests.GerenciarTests"/>
  <testcase name="criarNovoMarcador" time="14.937" classname="com.seleniumMantis.tests.GerenciarTests"/>
  <testcase name="verificaTrocaPerfilAtualizador" time="20.879" classname="com.seleniumMantis.tests.GerenciarTests"/>
  <testcase name="verificaTrocaPerfilGerente" time="14.782" classname="com.seleniumMantis.tests.GerenciarTests"/>
  <testcase name="editarNomeMarcador" time="16.055" classname="com.seleniumMantis.tests.GerenciarTests"/>
  <testcase name="editarStadoParaEstavel" time="15.118" classname="com.seleniumMantis.tests.GerenciarTests"/>
  <testcase name="cadastrarNomeMarcadorJaExistente" time="14.610" classname="com.seleniumMantis.tests.GerenciarTests"/>
  <testcase name="verificaTrocaPerfilRelator" time="19.484" classname="com.seleniumMantis.tests.GerenciarTests"/>
  <testcase name="criaNovoUsuario" time="135.826" classname="com.seleniumMantis.tests.GerenciarTests"/>
  <testcase name="cadastrarProjetoNomeJaExistente" time="14.457" classname="com.seleniumMantis.tests.GerenciarTests"/>
  <testcase name="alteraNomeRealUsuario" time="15.234" classname="com.seleniumMantis.tests.GerenciarTests"/>
  <testcase name="verificaTrocaPerfilDesenvolvedor" time="16.303" classname="com.seleniumMantis.tests.GerenciarTests"/>
  <testcase name="criaUsuarioNomeJaCadastrado" time="17.227" classname="com.seleniumMantis.tests.GerenciarTests"/>
  <testcase name="vincularSubProjeto" time="13.777" classname="com.seleniumMantis.tests.GerenciarTests"/>
  <testcase name="editarStadoParaRelease" time="19.998" classname="com.seleniumMantis.tests.GerenciarTests"/>
  <testcase name="editarStadoParaObsoleto" time="14.189" classname="com.seleniumMantis.tests.GerenciarTests"/>
</testsuite> <!-- com.seleniumMantis.tests.GerenciarTests -->
