<?xml version="1.0" encoding="UTF-8"?>
<!-- Generated by org.testng.reporters.JUnitReportReporter -->
<testsuite skipped="0" hostname="LAPTOP-9HMT4ICM" name="com.seleniumMantis.tests.ProjetoTests" tests="2" failures="0" timestamp="24 Aug 2020 19:58:23 GMT" time="21.688" errors="0">
  <testcase name="verificaProjetoExistente" time="10.953" classname="com.seleniumMantis.tests.ProjetoTests"/>
  <testcase name="verificaSelecaoProjetoExistente" time="10.735" classname="com.seleniumMantis.tests.ProjetoTests"/>
</testsuite> <!-- com.seleniumMantis.tests.ProjetoTests -->
